230122 11:54:14 756 Starting on Linux 3.10.0-1160.81.1.el7.x86_64
230122 11:54:14 756 /usr/bin/cmsd -l /var/log/xrootd/cmsd.log -c /etc/xrootd/xrootd-clustered.cfg -k fifo -s /run/xrootd/cmsd-clustered.pid -n clustered
Copr.  2004-2012 Stanford University, xrd version v5.5.1
++++++ cmsd clustered@se01.grid.nchc.org.tw initialization started.
Config using configuration file /etc/xrootd/xrootd-clustered.cfg
=====> xrd.port 1095
=====> all.sitename T2_TW_NCHC
=====> all.adminpath /var/run/xrootd
=====> all.pidpath /var/run/xrootd
=====> xrd.trace conn
Config maximum number of connections restricted to 65536
Copr.  2003-2020 Stanford University/SLAC cmsd.
++++++ clustered@se01.grid.nchc.org.tw phase 1 initialization started.
=====> all.role server
Config Manager xrootd-cms.infn.it -> xrootd-cms-redir-int.cr.cnaf.infn.it
Config Manager                       131.154.128.232
Config Manager xrootd-cms.infn.it -> xrootd.ba.infn.it
Config Manager                       90.147.66.75
Config Manager xrootd-cms.infn.it -> xrootd-redic.pi.infn.it
Config Manager                       193.205.76.83
Config Manager xrootd-cms.infn.it -> llrxrd-redir.in2p3.fr
Config Manager                       134.158.132.31
=====> all.manager any xrootd-cms.infn.it+ 1213
=====> all.export / nostage
=====> cms.trace all
=====> oss.namelib /usr/lib64/libXrdCmsTfc.so file:/etc/dcache/storage.xml?protocol=aaa 
The following paths are available to the redirector:
w  /
 
------ clustered@se01.grid.nchc.org.tw phase 1 server initialization completed.
++++++ clustered@se01.grid.nchc.org.tw phase 2 server initialization started.
Config Global System Identification: s-clustered@se01.grid.nchc.org.tw 1213xrootd-redic.pi1213xrootd-cms-redir-int.cr.cnaf1213llrxrd-redir.in2p3.fr1213xrootd.ba.infn.it
Plugin namelib /usr/lib64/libXrdCmsTfc-5.so not found; falling back to using /usr/lib64/libXrdCmsTfc.so
Plugin loaded unversioned XrdOucgetName2Name from namelib /usr/lib64/libXrdCmsTfc.so
Copr. 2009 University of Nebraska-Lincoln TFC plugin v 1.0
Params: file:/etc/dcache/storage.xml?protocol=aaa
Xerces-c has been initialized.
Connecting to the catalog file:/etc/dcache/storage.xml?protocol=aaa
Using catalog file /etc/dcache/storage.xml
++++++ Storage system initialization started.
=====> all.export / nostage
=====> oss.namelib /usr/lib64/libXrdCmsTfc.so file:/etc/dcache/storage.xml?protocol=aaa 
Plugin namelib /usr/lib64/libXrdCmsTfc-5.so not found; falling back to using /usr/lib64/libXrdCmsTfc.so
Plugin loaded unversioned XrdOucgetName2Name from namelib /usr/lib64/libXrdCmsTfc.so
Copr. 2009 University of Nebraska-Lincoln TFC plugin v 1.0
Params: file:/etc/dcache/storage.xml?protocol=aaa
Connecting to the catalog file:/etc/dcache/storage.xml?protocol=aaa
Using catalog file /etc/dcache/storage.xml
++++++ Configuring standalone mode . . .
No lfn2pfn mapping for /
No lfn2pfn mapping for /
No lfn2pfn mapping for /
Config effective /etc/xrootd/xrootd-clustered.cfg oss configuration:
       oss.alloc        0 0 0
       oss.spacescan    600
       oss.fdlimit      32768 65536
       oss.maxsize      0
       oss.namelib /usr/lib64/libXrdCmsTfc.so
       oss.trace        0
       oss.xfr          1 deny 10800 keep 1200
       oss.memfile off  max 67530459136
       oss.defaults  r/w nocheck nodread nomig nopurge norcreate nostage
       oss.path / r/w nocheck nodread nomig nopurge norcreate nostage
------ Storage system initialization completed.
230122 11:54:15 756 cms_Start: Srv=0 dfs=0 lcl=0 Pre=1 dmLife=0 0
230122 11:54:15 756 cms_Start: Lim=0 0 fix=0 Qmax=1
230122 11:54:15 756 cms_calcSpace: New fs info; maxfree=806231MB utilized=15%
230122 11:54:15 756 Meter: Found 1 filesystem(s); 925GB total (15% util); 787GB free (787GB max)
------ clustered@se01.grid.nchc.org.tw phase 2 server initialization completed.
------ cmsd clustered@se01.grid.nchc.org.tw:34787 initialization completed.
230122 11:54:15 772 Start: Waiting for primary server to login via localhost:/var/run/xrootd/clustered/.olb/olbd.admin
230122 11:54:19 785 cms_Admin_Login: initial request: 'login p 741 port 1095'
230122 11:54:19 785 cms_Update: FrontEnd Parm1=1 Parm2=1095
230122 11:54:19 785 do_Login:: Primary server 741 logged in; data port is 1095
Config Connecting to 4 managers and 1 site.
230122 11:54:19 760 cms_Update: Counts Parm1=0 Parm2=0
230122 11:54:19 760 cms_Update: Stage Parm1=-1 Parm2=0
230122 11:54:19 760 cms_Update: Active Parm1=-1 Parm2=0
230122 11:54:19 760 Config: server service enabled.
230122 11:54:19 787 State: Status changed to active + nostaging
230122 11:54:19 770 cms_Pander: server services to llrxrd-redir.in2p3.fr:1213
230122 11:54:19 770 cms_Pander: trying to connect to lvl 0 llrxrd-redir.in2p3.fr:1213
230122 11:54:19 760 cms_Pander: server services to xrootd-cms-redir-int.cr.cnaf.infn.it:1213
230122 11:54:19 760 cms_Pander: trying to connect to lvl 0 xrootd-cms-redir-int.cr.cnaf.infn.it:1213
230122 11:54:19 788 cms_Pander: server services to xrootd-redic.pi.infn.it:1213
230122 11:54:19 788 cms_Pander: trying to connect to lvl 0 xrootd-redic.pi.infn.it:1213
230122 11:54:19 789 cms_Pander: server services to xrootd.ba.infn.it:1213
230122 11:54:19 789 cms_Pander: trying to connect to lvl 0 xrootd.ba.infn.it:1213
230122 11:54:20 760 cms_Add: xrootd-cms-redir-int.cr.cnaf.infn.it to manager config; id=0
230122 11:54:20 788 cms_Add: xrootd-redic.pi.infn.it to manager config; id=1
230122 11:54:20 789 cms_Add: xrootd.ba.infn.it to manager config; id=2
230122 11:54:21 770 cms_Add: llrxrd-redir.in2p3.fr to manager config; id=3
230122 11:54:21 760 Protocol: Logged into xrootd-cms-redir-int.cr.cnaf.infn.it
230122 11:54:22 788 Protocol: Logged into T2_IT_Pisa xrootd-redic.pi.infn.it
230122 11:54:22 788 Manager: xrootd-redic.pi.infn.it manager configuration differs from xrootd-cms-redir-int.cr.cnaf.infn.it for site T2_TW_NCHC; making file location unpredictable!
230122 11:54:22 770 Protocol: Logged into T2_FR_GRIF_LLR llrxrd-redir.in2p3.fr
230122 11:54:22 770 Manager: llrxrd-redir.in2p3.fr manager configuration differs from xrootd-cms-redir-int.cr.cnaf.infn.it for site T2_TW_NCHC; making file location unpredictable!
230122 11:54:25 760 cms_Dispatch: manager.0:27@xrootd-cms-redir-int.cr.cnaf.infn.it for state dlen=162
230122 11:54:25 790 manager.0:27@xrootd-cms-redir-int.cr.cnaf.infn.it cms_do_State: /store/mc/RunIISummer17PrePremix/Neutrino_E-10_gun/GEN-SIM-DIGI-RAW/PUAutumn18_102X_upgrade2018_realistic_v15-v1/270052/A8C7C5F2-641A-C143-BF52-1138E50BC765.root
230122 11:54:25 760 cms_Dispatch: manager.0:27@xrootd-cms-redir-int.cr.cnaf.infn.it for state dlen=158
230122 11:54:25 760 cms_Dispatch: manager.0:27@xrootd-cms-redir-int.cr.cnaf.infn.it for state dlen=177
230122 11:54:25 791 manager.0:27@xrootd-cms-redir-int.cr.cnaf.infn.it cms_do_State: /store/mc/RunIISummer17PrePremix/Neutrino_E-10_gun/GEN-SIM-DIGI-RAW/MCv2_correctPU_94X_mc2017_realistic_v9-v1/20032/9EDB2A18-2912-E811-80BA-0242AC130002.root
