230124 23:52:58 41109 Starting on Linux 3.10.0-1160.81.1.el7.x86_64
230124 23:52:58 41109 /usr/bin/cmsd -l /var/log/xrootd/cmsd.log -c /etc/xrootd/xrootd-clustered.cfg -k fifo -s /run/xrootd/cmsd-clustered.pid -n clustered
Copr.  2004-2012 Stanford University, xrd version v5.4.2
++++++ cmsd clustered@se01.grid.nchc.org.tw initialization started.
Config using configuration file /etc/xrootd/xrootd-clustered.cfg
=====> xrd.port 11001
=====> all.sitename T2_TW_NCHC
=====> all.adminpath /var/run/xrootd
=====> all.pidpath /var/run/xrootd
=====> xrd.trace conn
Config maximum number of connections restricted to 65536
Copr.  2003-2020 Stanford University/SLAC cmsd.
++++++ clustered@se01.grid.nchc.org.tw phase 1 initialization started.
=====> all.role server
Config Manager xrootd-cms.infn.it -> xrootd-cms-redir-int.cr.cnaf.infn.it
Config Manager                       131.154.128.232
Config Manager xrootd-cms.infn.it -> xrootd.ba.infn.it
Config Manager                       90.147.66.75
Config Manager xrootd-cms.infn.it -> xrootd-redic.pi.infn.it
Config Manager                       193.205.76.83
Config Manager xrootd-cms.infn.it -> llrxrd-redir.in2p3.fr
Config Manager                       134.158.132.31
=====> all.manager any xrootd-cms.infn.it+:1213
=====> oss.localroot /pnfs
=====> oss.namelib /usr/lib64/libXrdCmsTfc.so file:/etc/dcache/storage.xml?protocol=aaa 
=====> all.export / nostage readonly
=====> cms.trace all
The following paths are available to the redirector:
r  /
 
------ clustered@se01.grid.nchc.org.tw phase 1 server initialization completed.
++++++ clustered@se01.grid.nchc.org.tw phase 2 server initialization started.
Config Global System Identification: s-clustered@se01.grid.nchc.org.tw 1213xrootd-redic.pi1213xrootd-cms-redir-int.cr.cnaf1213llrxrd-redir.in2p3.fr1213xrootd.ba.infn.it
Plugin loaded unversioned XrdOucgetName2Name from namelib /usr/lib64/libXrdCmsTfc-5.so
Copr. 2009 University of Nebraska-Lincoln TFC plugin v 1.0
Params: file:/etc/dcache/storage.xml?protocol=aaa
Xerces-c has been initialized.
Connecting to the catalog file:/etc/dcache/storage.xml?protocol=aaa
Using catalog file /etc/dcache/storage.xml
++++++ Storage system initialization started.
=====> oss.localroot /pnfs 
=====> oss.namelib /usr/lib64/libXrdCmsTfc.so file:/etc/dcache/storage.xml?protocol=aaa 
=====> all.export / nostage readonly
Plugin loaded unversioned XrdOucgetName2Name from namelib /usr/lib64/libXrdCmsTfc-5.so
Copr. 2009 University of Nebraska-Lincoln TFC plugin v 1.0
Params: file:/etc/dcache/storage.xml?protocol=aaa
Connecting to the catalog file:/etc/dcache/storage.xml?protocol=aaa
Using catalog file /etc/dcache/storage.xml
++++++ Configuring standalone mode . . .
No lfn2pfn mapping for /
No lfn2pfn mapping for /
Config effective /etc/xrootd/xrootd-clustered.cfg oss configuration:
       oss.alloc        0 0 0
       oss.spacescan    600
       oss.fdlimit      32768 65536
       oss.maxsize      0
       oss.namelib /usr/lib64/libXrdCmsTfc.so
       oss.localroot /pnfs
       oss.trace        0
       oss.xfr          1 deny 10800 keep 1200
       oss.memfile off  max 67530459136
       oss.defaults  r/w nocheck nodread nomig nopurge norcreate nostage
       oss.path / r/o nocheck nodread nomig nopurge norcreate nostage
------ Storage system initialization completed.
230124 23:52:58 41109 cms_Start: Srv=0 dfs=0 lcl=0 Pre=1 dmLife=0 0
230124 23:52:58 41109 cms_Start: Lim=0 0 fix=0 Qmax=1
230124 23:52:58 41109 Meter: Warning! No writable filesystems found.
230124 23:52:58 41109 cms_Update: Space Parm1=0 Parm2=0
230124 23:52:58 41109 Meter: Write access and staging prohibited.
------ clustered@se01.grid.nchc.org.tw phase 2 server initialization completed.
------ cmsd clustered@se01.grid.nchc.org.tw:42052 initialization completed.
230124 23:52:58 41127 Start: Waiting for primary server to login via localhost:/var/run/xrootd/clustered/.olb/olbd.admin
